#
# There is insufficient memory for the Java Runtime Environment to continue.
# Native memory allocation (malloc) failed to allocate 32744 bytes for ChunkPool::allocate
# Possible reasons:
#   The system is out of physical RAM or swap space
#   In 32 bit mode, the process size limit was hit
# Possible solutions:
#   Reduce memory load on the system
#   Increase physical memory or swap space
#   Check if swap backing store is full
#   Use 64 bit Java on a 64 bit OS
#   Decrease Java heap size (-Xmx/-Xms)
#   Decrease number of Java threads
#   Decrease Java thread stack sizes (-Xss)
#   Set larger code cache with -XX:ReservedCodeCacheSize=
# This output file may be truncated or incomplete.
#
#  Out of Memory Error (allocation.cpp:273), pid=9744, tid=0x0000000000002224
#
# JRE version: OpenJDK Runtime Environment (8.0_152-b01) (build 1.8.0_152-release-1248-b01)
# Java VM: OpenJDK 64-Bit Server VM (25.152-b01 mixed mode windows-amd64 compressed oops)
# Failed to write core dump. Minidumps are not enabled by default on client versions of Windows
#

---------------  T H R E A D  ---------------

Current thread (0x0000000055b56000):  JavaThread "C2 CompilerThread0" daemon [_thread_in_native, id=8740, stack(0x00000000584d0000,0x00000000585d0000)]

Stack: [0x00000000584d0000,0x00000000585d0000]
[error occurred during error reporting (printing stack bounds), id 0xc0000005]

Native frames: (J=compiled Java code, j=interpreted, Vv=VM code, C=native code)


Current CompileTask:
C2: 355225 20192  s    4       java.lang.reflect.Field::declaredAnnotations (59 bytes)


---------------  P R O C E S S  ---------------

Java Threads: ( => current thread )
  0x000000005a6b7800 JavaThread "Cache worker for Build Output Cleanup Cache (G:\Users\Saihat\Desktop\Android Nano Dgree\Popular Movies\.gradle\buildOutputCleanup)" [_thread_blocked, id=8196, stack(0x0000000064f70000,0x0000000065070000)]
  0x000000005a6b8800 JavaThread "Cache worker for task history cache (G:\Users\Saihat\Desktop\Android Nano Dgree\Popular Movies\.gradle\4.10.1\taskHistory)" [_thread_blocked, id=9008, stack(0x0000000058af0000,0x0000000058bf0000)]
  0x000000005a6b5800 JavaThread "Task worker for ':' Thread 3" [_thread_blocked, id=10280, stack(0x00000000646a0000,0x00000000647a0000)]
  0x000000005a6b4000 JavaThread "Task worker for ':' Thread 2" [_thread_blocked, id=8444, stack(0x0000000060610000,0x0000000060710000)]
  0x000000005a6ba800 JavaThread "Task worker for ':'" [_thread_in_native, id=8448, stack(0x0000000060950000,0x0000000060a50000)]
  0x000000005a6b7000 JavaThread "Cache worker for file content cache (G:\Users\Saihat\Desktop\Android Nano Dgree\Popular Movies\.gradle\4.10.1\fileContent)" [_thread_blocked, id=7292, stack(0x0000000063770000,0x0000000063870000)]
  0x000000005c069000 JavaThread "pool-20-thread-1" [_thread_blocked, id=2944, stack(0x0000000060a50000,0x0000000060b50000)]
  0x000000005c06b000 JavaThread "Build operations Thread 4" [_thread_blocked, id=7580, stack(0x00000000604e0000,0x00000000605e0000)]
  0x000000005c066000 JavaThread "Build operations Thread 3" [_thread_blocked, id=6788, stack(0x0000000060360000,0x0000000060460000)]
  0x000000005c067800 JavaThread "Build operations Thread 2" [_thread_blocked, id=9828, stack(0x000000005b7a0000,0x000000005b8a0000)]
  0x000000005c06c800 JavaThread "Build operations" [_thread_blocked, id=4144, stack(0x00000000601d0000,0x00000000602d0000)]
  0x0000000061479800 JavaThread "Cache worker for cache directory md-rule (C:\Users\Saihat\.gradle\caches\4.10.1\md-rule)" [_thread_blocked, id=6872, stack(0x0000000060030000,0x0000000060130000)]
  0x000000006147b800 JavaThread "Cache worker for cache directory md-supplier (C:\Users\Saihat\.gradle\caches\4.10.1\md-supplier)" [_thread_blocked, id=10064, stack(0x000000005af00000,0x000000005b000000)]
  0x0000000061478800 JavaThread "Cache worker for file hash cache (G:\Users\Saihat\Desktop\Android Nano Dgree\Popular Movies\.gradle\4.10.1\fileHashes)" [_thread_blocked, id=8556, stack(0x000000005b160000,0x000000005b260000)]
  0x0000000061476800 JavaThread "Stdin handler" [_thread_blocked, id=10516, stack(0x000000005fdd0000,0x000000005fed0000)]
  0x000000006147a000 JavaThread "Asynchronous log dispatcher for DefaultDaemonConnection: socket connection from /127.0.0.1:55848 to /127.0.0.1:56809" [_thread_blocked, id=6864, stack(0x000000005fc90000,0x000000005fd90000)]
  0x0000000061477000 JavaThread "Daemon worker Thread 3" [_thread_blocked, id=10936, stack(0x000000005cc70000,0x000000005cd70000)]
  0x0000000061475800 JavaThread "Cancel handler" [_thread_blocked, id=3192, stack(0x000000005b6a0000,0x000000005b7a0000)]
  0x000000006147b000 JavaThread "Handler for socket connection from /127.0.0.1:55848 to /127.0.0.1:56809" [_thread_in_native, id=7256, stack(0x000000005b000000,0x000000005b100000)]
  0x0000000061475000 JavaThread "Daemon Thread 3" [_thread_blocked, id=10040, stack(0x00000000596a0000,0x00000000597a0000)]
  0x000000005a6ba000 JavaThread "Cache worker for file content cache (C:\Users\Saihat\.gradle\caches\4.10.1\fileContent)" [_thread_blocked, id=3428, stack(0x0000000064530000,0x0000000064630000)]
  0x000000005a6b9000 JavaThread "Memory manager" [_thread_blocked, id=10640, stack(0x0000000061df0000,0x0000000061ef0000)]
  0x000000005a6b2800 JavaThread "Cache worker for Artifact transforms cache (C:\Users\Saihat\.gradle\caches\transforms-1)" [_thread_blocked, id=10976, stack(0x000000005ff10000,0x0000000060010000)]
  0x000000005a6ae000 JavaThread "Cache worker for journal cache (C:\Users\Saihat\.gradle\caches\journal-1)" [_thread_blocked, id=9372, stack(0x000000005cea0000,0x000000005cfa0000)]
  0x000000005a1e4000 JavaThread "File lock request listener" [_thread_in_native, id=10552, stack(0x00000000583c0000,0x00000000584c0000)]
  0x000000005a1d5800 JavaThread "Cache worker for file hash cache (C:\Users\Saihat\.gradle\caches\4.10.1\fileHashes)" [_thread_blocked, id=6224, stack(0x000000005cb30000,0x000000005cc30000)]
  0x000000005a282000 JavaThread "Daemon periodic checks" [_thread_blocked, id=10460, stack(0x000000005adf0000,0x000000005aef0000)]
  0x000000005a01a000 JavaThread "Incoming local TCP Connector on port 55848" [_thread_in_native, id=8588, stack(0x000000005ac20000,0x000000005ad20000)]
  0x000000005860c000 JavaThread "Service Thread" daemon [_thread_blocked, id=8480, stack(0x0000000058c00000,0x0000000058d00000)]
  0x00000000585d5800 JavaThread "C1 CompilerThread2" daemon [_thread_blocked, id=10308, stack(0x00000000589e0000,0x0000000058ae0000)]
  0x00000000585d4800 JavaThread "C2 CompilerThread1" daemon [_thread_in_native, id=7412, stack(0x00000000580f0000,0x00000000581f0000)]
=>0x0000000055b56000 JavaThread "C2 CompilerThread0" daemon [_thread_in_native, id=8740, stack(0x00000000584d0000,0x00000000585d0000)]
  0x0000000055b52800 JavaThread "Attach Listener" daemon [_thread_blocked, id=7904, stack(0x00000000582c0000,0x00000000583c0000)]
  0x0000000055b50800 JavaThread "Signal Dispatcher" daemon [_thread_blocked, id=3012, stack(0x0000000057ff0000,0x00000000580f0000)]
  0x0000000055b38800 JavaThread "Finalizer" daemon [_thread_blocked, id=11140, stack(0x0000000057bd0000,0x0000000057cd0000)]
  0x0000000055af1800 JavaThread "Reference Handler" daemon [_thread_blocked, id=10532, stack(0x0000000057e20000,0x0000000057f20000)]
  0x0000000001e6e800 JavaThread "main" [_thread_blocked, id=4784, stack(0x00000000025c0000,0x00000000026c0000)]

Other Threads:
  0x0000000055aea000 VMThread [stack: 0x0000000057d00000,0x0000000057e00000] [id=6432]
  0x000000005860d000 WatcherThread [stack: 0x0000000058d60000,0x0000000058e60000] [id=9984]

VM state:not at safepoint (normal execution)

VM Mutex/Monitor currently owned by a thread: None

Heap:
 PSYoungGen      total 468992K, used 250377K [0x00000000e0000000, 0x0000000100000000, 0x0000000100000000)
  eden space 413696K, 58% used [0x00000000e0000000,0x00000000eee37870,0x00000000f9400000)
  from space 55296K, 11% used [0x00000000f9400000,0x00000000f9a4ae30,0x00000000fca00000)
  to   space 54272K, 0% used [0x00000000fcb00000,0x00000000fcb00000,0x0000000100000000)
 ParOldGen       total 216576K, used 105441K [0x00000000a0000000, 0x00000000ad380000, 0x00000000e0000000)
  object space 216576K, 48% used [0x00000000a0000000,0x00000000a66f8650,0x00000000ad380000)
 Metaspace       used 99093K, capacity 102422K, committed 102680K, reserved 1138688K
  class space    used 12366K, capacity 13062K, committed 13104K, reserved 1048576K

Card table byte_map: [0x0000000011d50000,0x0000000012060000] byte_map_base: 0x0000000011850000

Marking Bits: (ParMarkBitMap*) 0x0000000056825aa0
 Begin Bits: [0x0000000012660000, 0x0000000013e60000)
 End Bits:   [0x0000000013e60000, 0x0000000015660000)

Polling page: 0x0000000000330000

CodeCache: size=245760Kb used=50420Kb max_used=50590Kb free=195339Kb
 bounds [0x0000000002990000, 0x0000000005b40000, 0x0000000011990000]
 total_blobs=17006 nmethods=16140 adapters=776
 compilation: enabled

Compilation events (10 events):
Event: 354.948 Thread 0x00000000585d5800 20205       3       com.sun.org.apache.xerces.internal.dom.NodeImpl::isFirstChild (27 bytes)
Event: 354.949 Thread 0x00000000585d5800 nmethod 20205 0x0000000003b8c690 code [0x0000000003b8c7e0, 0x0000000003b8c990]
Event: 354.950 Thread 0x00000000585d5800 20208       1       org.gradle.api.internal.tasks.execution.DefaultTaskProperties::getInputPropertyValues (5 bytes)
Event: 354.950 Thread 0x00000000585d5800 nmethod 20208 0x0000000004065f10 code [0x0000000004066060, 0x0000000004066170]
Event: 354.951 Thread 0x00000000585d5800 20209       1       org.gradle.api.internal.tasks.properties.GetInputPropertiesVisitor::access$000 (5 bytes)
Event: 354.951 Thread 0x00000000585d5800 nmethod 20209 0x00000000032c6e90 code [0x00000000032c6fe0, 0x00000000032c70d0]
Event: 354.971 Thread 0x00000000585d5800 20210       1       org.gradle.api.internal.artifacts.repositories.AuthenticationSupporter::getAuthentication (5 bytes)
Event: 354.971 Thread 0x00000000585d5800 nmethod 20210 0x0000000003b5f290 code [0x0000000003b5f3e0, 0x0000000003b5f4f0]
Event: 354.973 Thread 0x00000000585d5800 20211       3       java.net.URI::access$400 (4 bytes)
Event: 354.973 Thread 0x00000000585d5800 nmethod 20211 0x00000000032f8f50 code [0x00000000032f90a0, 0x00000000032f91d0]

GC Heap History (10 events):
Event: 60.636 GC heap before
{Heap before GC invocations=20 (full 4):
 PSYoungGen      total 343552K, used 343539K [0x00000000e0000000, 0x00000000fed80000, 0x0000000100000000)
  eden space 307200K, 100% used [0x00000000e0000000,0x00000000f2c00000,0x00000000f2c00000)
  from space 36352K, 99% used [0x00000000f2c00000,0x00000000f4f7cfd0,0x00000000f4f80000)
  to   space 47104K, 0% used [0x00000000fbf80000,0x00000000fbf80000,0x00000000fed80000)
 ParOldGen       total 150016K, used 73995K [0x00000000a0000000, 0x00000000a9280000, 0x00000000e0000000)
  object space 150016K, 49% used [0x00000000a0000000,0x00000000a4842d30,0x00000000a9280000)
 Metaspace       used 85140K, capacity 87292K, committed 87576K, reserved 1126400K
  class space    used 10712K, capacity 11216K, committed 11312K, reserved 1048576K
Event: 60.666 GC heap after
Heap after GC invocations=20 (full 4):
 PSYoungGen      total 438784K, used 4035K [0x00000000e0000000, 0x00000000fe380000, 0x0000000100000000)
  eden space 401920K, 0% used [0x00000000e0000000,0x00000000e0000000,0x00000000f8880000)
  from space 36864K, 10% used [0x00000000fbf80000,0x00000000fc370ef0,0x00000000fe380000)
  to   space 46592K, 0% used [0x00000000f8880000,0x00000000f8880000,0x00000000fb600000)
 ParOldGen       total 150016K, used 109331K [0x00000000a0000000, 0x00000000a9280000, 0x00000000e0000000)
  object space 150016K, 72% used [0x00000000a0000000,0x00000000a6ac4d00,0x00000000a9280000)
 Metaspace       used 85140K, capacity 87292K, committed 87576K, reserved 1126400K
  class space    used 10712K, capacity 11216K, committed 11312K, reserved 1048576K
}
Event: 66.473 GC heap before
{Heap before GC invocations=21 (full 4):
 PSYoungGen      total 438784K, used 405955K [0x00000000e0000000, 0x00000000fe380000, 0x0000000100000000)
  eden space 401920K, 100% used [0x00000000e0000000,0x00000000f8880000,0x00000000f8880000)
  from space 36864K, 10% used [0x00000000fbf80000,0x00000000fc370ef0,0x00000000fe380000)
  to   space 46592K, 0% used [0x00000000f8880000,0x00000000f8880000,0x00000000fb600000)
 ParOldGen       total 150016K, used 109331K [0x00000000a0000000, 0x00000000a9280000, 0x00000000e0000000)
  object space 150016K, 72% used [0x00000000a0000000,0x00000000a6ac4d00,0x00000000a9280000)
 Metaspace       used 94786K, capacity 97748K, committed 98072K, reserved 1134592K
  class space    used 11888K, capacity 12522K, committed 12592K, reserved 1048576K
Event: 66.614 GC heap after
Heap after GC invocations=21 (full 4):
 PSYoungGen      total 448512K, used 17283K [0x00000000e0000000, 0x0000000100000000, 0x0000000100000000)
  eden space 401920K, 0% used [0x00000000e0000000,0x00000000e0000000,0x00000000f8880000)
  from space 46592K, 37% used [0x00000000f8880000,0x00000000f9960e68,0x00000000fb600000)
  to   space 44032K, 0% used [0x00000000fd500000,0x00000000fd500000,0x0000000100000000)
 ParOldGen       total 150016K, used 110879K [0x00000000a0000000, 0x00000000a9280000, 0x00000000e0000000)
  object space 150016K, 73% used [0x00000000a0000000,0x00000000a6c47d60,0x00000000a9280000)
 Metaspace       used 94786K, capacity 97748K, committed 98072K, reserved 1134592K
  class space    used 11888K, capacity 12522K, committed 12592K, reserved 1048576K
}
Event: 68.401 GC heap before
{Heap before GC invocations=22 (full 4):
 PSYoungGen      total 448512K, used 419203K [0x00000000e0000000, 0x0000000100000000, 0x0000000100000000)
  eden space 401920K, 100% used [0x00000000e0000000,0x00000000f8880000,0x00000000f8880000)
  from space 46592K, 37% used [0x00000000f8880000,0x00000000f9960e68,0x00000000fb600000)
  to   space 44032K, 0% used [0x00000000fd500000,0x00000000fd500000,0x0000000100000000)
 ParOldGen       total 150016K, used 110879K [0x00000000a0000000, 0x00000000a9280000, 0x00000000e0000000)
  object space 150016K, 73% used [0x00000000a0000000,0x00000000a6c47d60,0x00000000a9280000)
 Metaspace       used 95919K, capacity 99046K, committed 99224K, reserved 1136640K
  class space    used 11976K, capacity 12645K, committed 12720K, reserved 1048576K
Event: 68.464 GC heap after
Heap after GC invocations=22 (full 4):
 PSYoungGen      total 457728K, used 44029K [0x00000000e0000000, 0x0000000100000000, 0x0000000100000000)
  eden space 413696K, 0% used [0x00000000e0000000,0x00000000e0000000,0x00000000f9400000)
  from space 44032K, 99% used [0x00000000fd500000,0x00000000fffff4e0,0x0000000100000000)
  to   space 55296K, 0% used [0x00000000f9400000,0x00000000f9400000,0x00000000fca00000)
 ParOldGen       total 150016K, used 121573K [0x00000000a0000000, 0x00000000a9280000, 0x00000000e0000000)
  object space 150016K, 81% used [0x00000000a0000000,0x00000000a76b9430,0x00000000a9280000)
 Metaspace       used 95919K, capacity 99046K, committed 99224K, reserved 1136640K
  class space    used 11976K, capacity 12645K, committed 12720K, reserved 1048576K
}
Event: 68.464 GC heap before
{Heap before GC invocations=23 (full 5):
 PSYoungGen      total 457728K, used 44029K [0x00000000e0000000, 0x0000000100000000, 0x0000000100000000)
  eden space 413696K, 0% used [0x00000000e0000000,0x00000000e0000000,0x00000000f9400000)
  from space 44032K, 99% used [0x00000000fd500000,0x00000000fffff4e0,0x0000000100000000)
  to   space 55296K, 0% used [0x00000000f9400000,0x00000000f9400000,0x00000000fca00000)
 ParOldGen       total 150016K, used 121573K [0x00000000a0000000, 0x00000000a9280000, 0x00000000e0000000)
  object space 150016K, 81% used [0x00000000a0000000,0x00000000a76b9430,0x00000000a9280000)
 Metaspace       used 95919K, capacity 99046K, committed 99224K, reserved 1136640K
  class space    used 11976K, capacity 12645K, committed 12720K, reserved 1048576K
Event: 68.844 GC heap after
Heap after GC invocations=23 (full 5):
 PSYoungGen      total 457728K, used 0K [0x00000000e0000000, 0x0000000100000000, 0x0000000100000000)
  eden space 413696K, 0% used [0x00000000e0000000,0x00000000e0000000,0x00000000f9400000)
  from space 44032K, 0% used [0x00000000fd500000,0x00000000fd500000,0x0000000100000000)
  to   space 55296K, 0% used [0x00000000f9400000,0x00000000f9400000,0x00000000fca00000)
 ParOldGen       total 216576K, used 105433K [0x00000000a0000000, 0x00000000ad380000, 0x00000000e0000000)
  object space 216576K, 48% used [0x00000000a0000000,0x00000000a66f6650,0x00000000ad380000)
 Metaspace       used 95790K, capacity 98732K, committed 99224K, reserved 1136640K
  class space    used 11931K, capacity 12567K, committed 12720K, reserved 1048576K
}
Event: 72.847 GC heap before
{Heap before GC invocations=24 (full 5):
 PSYoungGen      total 457728K, used 413073K [0x00000000e0000000, 0x0000000100000000, 0x0000000100000000)
  eden space 413696K, 99% used [0x00000000e0000000,0x00000000f9364650,0x00000000f9400000)
  from space 44032K, 0% used [0x00000000fd500000,0x00000000fd500000,0x0000000100000000)
  to   space 55296K, 0% used [0x00000000f9400000,0x00000000f9400000,0x00000000fca00000)
 ParOldGen       total 216576K, used 105433K [0x00000000a0000000, 0x00000000ad380000, 0x00000000e0000000)
  object space 216576K, 48% used [0x00000000a0000000,0x00000000a66f6650,0x00000000ad380000)
 Metaspace       used 96130K, capacity 99086K, committed 99480K, reserved 1136640K
  class space    used 11973K, capacity 12606K, committed 12720K, reserved 1048576K
Event: 72.854 GC heap after
Heap after GC invocations=24 (full 5):
 PSYoungGen      total 468992K, used 6443K [0x00000000e0000000, 0x0000000100000000, 0x0000000100000000)
  eden space 413696K, 0% used [0x00000000e0000000,0x00000000e0000000,0x00000000f9400000)
  from space 55296K, 11% used [0x00000000f9400000,0x00000000f9a4ae30,0x00000000fca00000)
  to   space 54272K, 0% used [0x00000000fcb00000,0x00000000fcb00000,0x0000000100000000)
 ParOldGen       total 216576K, used 105441K [0x00000000a0000000, 0x00000000ad380000, 0x00000000e0000000)
  object space 216576K, 48% used [0x00000000a0000000,0x00000000a66f8650,0x00000000ad380000)
 Metaspace       used 96130K, capacity 99086K, committed 99480K, reserved 1136640K
  class space    used 11973K, capacity 12606K, committed 12720K, reserved 1048576K
}

Deoptimization events (10 events):
Event: 122.049 Thread 0x000000005a282000 Uncommon trap: reason=unstable_if action=reinterpret pc=0x00000000048042e0 method=java.io.ExpiringCache.entryFor(Ljava/lang/String;)Ljava/io/ExpiringCache$Entry; @ 39
Event: 252.831 Thread 0x000000006147b000 Uncommon trap: reason=bimorphic action=maybe_recompile pc=0x0000000004cfbb40 method=java.util.concurrent.ConcurrentHashMap.computeIfAbsent(Ljava/lang/Object;Ljava/util/function/Function;)Ljava/lang/Object; @ 278
Event: 252.831 Thread 0x000000006147b000 Uncommon trap: reason=class_check action=maybe_recompile pc=0x0000000003e40a94 method=com.google.common.collect.AbstractMapBasedMultimap$WrappedCollection.refreshIfEmpty()V @ 40
Event: 252.992 Thread 0x000000006147b000 Uncommon trap: reason=bimorphic action=maybe_recompile pc=0x0000000004cfbb40 method=java.util.concurrent.ConcurrentHashMap.computeIfAbsent(Ljava/lang/Object;Ljava/util/function/Function;)Ljava/lang/Object; @ 278
Event: 258.669 Thread 0x000000006147b000 Uncommon trap: reason=bimorphic action=maybe_recompile pc=0x0000000005a03c4c method=com.google.common.cache.LocalCache$Segment.storeLoadedValue(Ljava/lang/Object;ILcom/google/common/cache/LocalCache$LoadingValueReference;Ljava/lang/Object;)Z @ 286
Event: 354.631 Thread 0x0000000061477000 Uncommon trap: reason=array_check action=maybe_recompile pc=0x0000000005776ae8 method=com.google.common.collect.ImmutableSet.construct(I[Ljava/lang/Object;)Lcom/google/common/collect/ImmutableSet; @ 122
Event: 354.631 Thread 0x0000000061477000 Uncommon trap: reason=array_check action=maybe_recompile pc=0x0000000005776ae8 method=com.google.common.collect.ImmutableSet.construct(I[Ljava/lang/Object;)Lcom/google/common/collect/ImmutableSet; @ 122
Event: 354.631 Thread 0x0000000061477000 Uncommon trap: reason=array_check action=maybe_recompile pc=0x0000000005776ae8 method=com.google.common.collect.ImmutableSet.construct(I[Ljava/lang/Object;)Lcom/google/common/collect/ImmutableSet; @ 122
Event: 354.632 Thread 0x0000000061477000 Uncommon trap: reason=array_check action=maybe_recompile pc=0x0000000005776ae8 method=com.google.common.collect.ImmutableSet.construct(I[Ljava/lang/Object;)Lcom/google/common/collect/ImmutableSet; @ 122
Event: 354.857 Thread 0x0000000061477000 Uncommon trap: reason=class_check action=maybe_recompile pc=0x0000000003e40a94 method=com.google.common.collect.AbstractMapBasedMultimap$WrappedCollection.refreshIfEmpty()V @ 40

Classes redefined (0 events):
No events

Internal exceptions (10 events):
Event: 73.288 Thread 0x000000005a114800 Exception <a 'java/lang/NoSuchMethodError': <clinit>> (0x00000000e32c6840) thrown at [D:\src\AOSP-openjdk-cygwin\jdk8u\hotspot\src\share\vm\prims\jni.cpp, line 1613]
Event: 73.288 Thread 0x000000005a114800 Exception <a 'java/lang/NoSuchMethodError': <clinit>> (0x00000000e32d0068) thrown at [D:\src\AOSP-openjdk-cygwin\jdk8u\hotspot\src\share\vm\prims\jni.cpp, line 1613]
Event: 73.290 Thread 0x000000005a114800 Exception <a 'java/lang/NoSuchMethodError': <clinit>> (0x00000000e32e9700) thrown at [D:\src\AOSP-openjdk-cygwin\jdk8u\hotspot\src\share\vm\prims\jni.cpp, line 1613]
Event: 73.291 Thread 0x000000005a114800 Exception <a 'java/lang/NoSuchMethodError': <clinit>> (0x00000000e32f9b18) thrown at [D:\src\AOSP-openjdk-cygwin\jdk8u\hotspot\src\share\vm\prims\jni.cpp, line 1613]
Event: 85.808 Thread 0x000000005a03c000 Exception <a 'sun/nio/fs/WindowsException'> (0x00000000e3e2e1a0) thrown at [D:\src\AOSP-openjdk-cygwin\jdk8u\hotspot\src\share\vm\prims\jni.cpp, line 709]
Event: 85.889 Thread 0x000000005a03c000 Exception <a 'sun/nio/fs/WindowsException'> (0x00000000e3e3a990) thrown at [D:\src\AOSP-openjdk-cygwin\jdk8u\hotspot\src\share\vm\prims\jni.cpp, line 709]
Event: 252.432 Thread 0x000000006147b000 Exception <a 'sun/nio/fs/WindowsException'> (0x00000000e9263938) thrown at [D:\src\AOSP-openjdk-cygwin\jdk8u\hotspot\src\share\vm\prims\jni.cpp, line 709]
Event: 252.445 Thread 0x000000006147b000 Exception <a 'sun/nio/fs/WindowsException'> (0x00000000e9270150) thrown at [D:\src\AOSP-openjdk-cygwin\jdk8u\hotspot\src\share\vm\prims\jni.cpp, line 709]
Event: 354.721 Thread 0x0000000061477000 Exception <a 'sun/nio/fs/WindowsException'> (0x00000000ee0694e0) thrown at [D:\src\AOSP-openjdk-cygwin\jdk8u\hotspot\src\share\vm\prims\jni.cpp, line 709]
Event: 354.723 Thread 0x0000000061477000 Exception <a 'sun/nio/fs/WindowsException'> (0x00000000ee075d08) thrown at [D:\src\AOSP-openjdk-cygwin\jdk8u\hotspot\src\share\vm\prims\jni.cpp, line 709]

Events (10 events):
Event: 354.969 Executing VM operation: RevokeBias
Event: 354.969 Executing VM operation: RevokeBias done
Event: 354.969 Executing VM operation: RevokeBias
Event: 354.969 Executing VM operation: RevokeBias done
Event: 354.970 Executing VM operation: RevokeBias
Event: 354.970 Executing VM operation: RevokeBias done
Event: 354.973 Thread 0x00000000585d5800 flushing nmethod 0x0000000004caef10
Event: 354.973 Executing VM operation: RevokeBias
Event: 354.974 Executing VM operation: RevokeBias done
Event: 354.974 Thread 0x00000000585d5800 flushing nmethod 0x0000000004cfa4d0


Dynamic libraries:
0x000000013f370000 - 0x000000013f3a1000 	C:\Program Files\Android\Android Studio1\jre\bin\java.exe
0x0000000077600000 - 0x000000007779f000 	C:\Windows\SYSTEM32\ntdll.dll
0x00000000773e0000 - 0x00000000774ff000 	C:\Windows\system32\kernel32.dll
0x000007fefd180000 - 0x000007fefd1ea000 	C:\Windows\system32\KERNELBASE.dll
0x000007fefe7e0000 - 0x000007fefe8bb000 	C:\Windows\system32\ADVAPI32.dll
0x000007fefdf80000 - 0x000007fefe01f000 	C:\Windows\system32\msvcrt.dll
0x000007fefdf60000 - 0x000007fefdf7f000 	C:\Windows\SYSTEM32\sechost.dll
0x000007fefe6b0000 - 0x000007fefe7dc000 	C:\Windows\system32\RPCRT4.dll
0x0000000077500000 - 0x00000000775fa000 	C:\Windows\system32\USER32.dll
0x000007fefe8c0000 - 0x000007fefe927000 	C:\Windows\system32\GDI32.dll
0x000007fefdaa0000 - 0x000007fefdaae000 	C:\Windows\system32\LPK.dll
0x000007fefea60000 - 0x000007fefeb2b000 	C:\Windows\system32\USP10.dll
0x000007fefb920000 - 0x000007fefbb15000 	C:\Windows\WinSxS\amd64_microsoft.windows.common-controls_6595b64144ccf1df_6.0.7601.24380_none_e3731d0b30fb6b11\COMCTL32.dll
0x000007fefe450000 - 0x000007fefe4c1000 	C:\Windows\system32\SHLWAPI.dll
0x000007fefd690000 - 0x000007fefd6be000 	C:\Windows\system32\IMM32.DLL
0x000007fefd6c0000 - 0x000007fefd7c9000 	C:\Windows\system32\MSCTF.dll
0x0000000071e30000 - 0x0000000071f02000 	C:\Program Files\Android\Android Studio1\jre\jre\bin\msvcr100.dll
0x0000000056060000 - 0x00000000568a1000 	C:\Program Files\Android\Android Studio1\jre\jre\bin\server\jvm.dll
0x000007feefe10000 - 0x000007feefe19000 	C:\Windows\system32\WSOCK32.dll
0x000007fefea10000 - 0x000007fefea5d000 	C:\Windows\system32\WS2_32.dll
0x000007feff8e0000 - 0x000007feff8e8000 	C:\Windows\system32\NSI.dll
0x000007fefa830000 - 0x000007fefa86b000 	C:\Windows\system32\WINMM.dll
0x000007fefc160000 - 0x000007fefc16c000 	C:\Windows\system32\VERSION.dll
0x00000000777a0000 - 0x00000000777a7000 	C:\Windows\system32\PSAPI.DLL
0x000007feefee0000 - 0x000007feefeef000 	C:\Program Files\Android\Android Studio1\jre\jre\bin\verify.dll
0x000007feecf90000 - 0x000007feecfb9000 	C:\Program Files\Android\Android Studio1\jre\jre\bin\java.dll
0x000007feecf70000 - 0x000007feecf86000 	C:\Program Files\Android\Android Studio1\jre\jre\bin\zip.dll
0x000007fefeb30000 - 0x000007feff8bb000 	C:\Windows\system32\SHELL32.dll
0x000007fefe0c0000 - 0x000007fefe2bf000 	C:\Windows\system32\ole32.dll
0x000007fefd150000 - 0x000007fefd15f000 	C:\Windows\system32\profapi.dll
0x000007feecf50000 - 0x000007feecf6a000 	C:\Program Files\Android\Android Studio1\jre\jre\bin\net.dll
0x000007fefc8d0000 - 0x000007fefc925000 	C:\Windows\system32\mswsock.dll
0x000007fefc8c0000 - 0x000007fefc8c7000 	C:\Windows\System32\wship6.dll
0x000007feecf30000 - 0x000007feecf41000 	C:\Program Files\Android\Android Studio1\jre\jre\bin\nio.dll
0x000007fef4e80000 - 0x000007fef4e9e000 	C:\Users\Saihat\.gradle\native\25\windows-amd64\native-platform.dll
0x000007feecf20000 - 0x000007feecf2d000 	C:\Program Files\Android\Android Studio1\jre\jre\bin\management.dll
0x000007fefc930000 - 0x000007fefc948000 	C:\Windows\system32\CRYPTSP.dll
0x000007fefc630000 - 0x000007fefc677000 	C:\Windows\system32\rsaenh.dll
0x000007fefd4b0000 - 0x000007fefd4ce000 	C:\Windows\system32\USERENV.dll
0x000007fefcff0000 - 0x000007fefcfff000 	C:\Windows\system32\CRYPTBASE.dll
0x000007fefa670000 - 0x000007fefa697000 	C:\Windows\system32\IPHLPAPI.DLL
0x000007fefa660000 - 0x000007fefa66b000 	C:\Windows\system32\WINNSI.DLL
0x000007fef8170000 - 0x000007fef8188000 	C:\Windows\system32\dhcpcsvc.DLL
0x000007fef8150000 - 0x000007fef8161000 	C:\Windows\system32\dhcpcsvc6.DLL
0x000007fefcf90000 - 0x000007fefcfe7000 	C:\Windows\system32\apphelp.dll

VM Arguments:
jvm_args: -Xmx1536m -Dfile.encoding=windows-1252 -Duser.country=US -Duser.language=en -Duser.variant 
java_command: org.gradle.launcher.daemon.bootstrap.GradleDaemon 4.10.1
java_class_path (initial): C:\Users\Saihat\.gradle\wrapper\dists\gradle-4.10.1-all\455itskqi2qtf0v2sja68alqd\gradle-4.10.1\lib\gradle-launcher-4.10.1.jar
Launcher Type: SUN_STANDARD

Environment Variables:
PATH=C:\Program Files\Microsoft MPI\Bin\;C:\Program Files (x86)\Python37-32\Scripts\;C:\Program Files (x86)\Python37-32\;C:\ProgramData\Oracle\Java\javapath;C:\Program Files (x86)\Intel\iCLS Client\;C:\Program Files\Intel\iCLS Client\;C:\Windows\system32;C:\Windows;C:\Windows\System32\Wbem;C:\Windows\System32\WindowsPowerShell\v1.0\;C:\Program Files\Intel\Intel(R) Management Engine Components\DAL;C:\Program Files\Intel\Intel(R) Management Engine Components\IPT;C:\Program Files (x86)\Intel\Intel(R) Management Engine Components\DAL;C:\Program Files (x86)\Intel\Intel(R) Management Engine Components\IPT;C:\Program Files (x86)\NVIDIA Corporation\PhysX\Common;C:\Program Files\Git\cmd;C:\Program Files\dotnet\;C:\Program Files\Microsoft SQL Server\130\Tools\Binn\;C:\Users\Saihat\AppData\Local\GitHubDesktop\bin
USERNAME=Saihat
OS=Windows_NT
PROCESSOR_IDENTIFIER=Intel64 Family 6 Model 42 Stepping 7, GenuineIntel



---------------  S Y S T E M  ---------------

OS: Windows 7 , 64 bit Build 7601 (6.1.7601.24408)

CPU:total 4 (initial active 4) (4 cores per cpu, 1 threads per core) family 6 model 42 stepping 7, cmov, cx8, fxsr, mmx, sse, sse2, sse3, ssse3, sse4.1, sse4.2, popcnt, avx, aes, clmul, tsc, tscinvbit

Memory: 4k page, physical 8352840k(117904k free), swap 9399516k(4912k free)

vm_info: OpenJDK 64-Bit Server VM (25.152-b01) for windows-amd64 JRE (1.8.0_152-release-1248-b01), built by "builder" with MS VC++ 10.0 (VS2010)

time: Wed Apr 17 12:40:38 2019
elapsed time: 355 seconds (0d 0h 5m 55s)

