JvmtiExport can_access_local_variables 0
JvmtiExport can_hotswap_or_post_breakpoint 0
JvmtiExport can_post_on_exceptions 0
# 527 ciObject found
instanceKlass java/util/stream/Collectors$$Lambda$748
instanceKlass java/util/stream/Collectors$$Lambda$747
instanceKlass java/util/stream/Collectors$$Lambda$746
instanceKlass java/lang/invoke/LambdaForm$DMH
instanceKlass com/android/build/gradle/internal/transforms/InstantRunSliceSplitApkBuilder$$Lambda$745
instanceKlass com/android/build/gradle/internal/transforms/InstantRunSliceSplitApkBuilder$$Lambda$744
instanceKlass com/android/build/gradle/internal/pipeline/TransformTask$3
instanceKlass com/android/build/api/transform/SecondaryInput
instanceKlass com/google/common/collect/ImmutableList$SerializedForm
instanceKlass org/gradle/tooling/internal/provider/serialization/WellKnownClassLoaderRegistry$1
instanceKlass org/gradle/tooling/internal/provider/serialization/DefaultPayloadClassLoaderRegistry$1
instanceKlass org/gradle/tooling/internal/provider/BuildActionResult
instanceKlass com/android/builder/model/TestVariantBuildOutput
instanceKlass com/android/build/FilterData
instanceKlass com/android/build/OutputFile
instanceKlass com/android/build/VariantOutput
instanceKlass com/android/builder/model/VariantBuildOutput
instanceKlass com/android/builder/model/BaseBuildOutput
instanceKlass com/android/build/gradle/internal/ide/DefaultProjectBuildOutput
instanceKlass com/android/build/gradle/internal/ide/BuildOutputsSupplier$$Lambda$743
instanceKlass com/android/builder/model/VariantBuildOutput
instanceKlass com/android/build/gradle/internal/ide/BuildOutputsSupplier$$Lambda$742
instanceKlass com/android/build/gradle/internal/ide/BuildOutputsSupplier
instanceKlass com/android/build/gradle/internal/ide/EarlySyncBuildOutput$Companion
instanceKlass com/android/build/gradle/internal/ide/EarlySyncBuildOutput
instanceKlass com/android/build/gradle/internal/ide/ModelBuilder$$Lambda$741
instanceKlass com/android/build/gradle/internal/ide/ModelBuilder$1
instanceKlass com/android/build/gradle/internal/ide/ModelBuilder$$Lambda$740
instanceKlass com/android/build/gradle/internal/ide/DefaultBaseBuildOutput
instanceKlass com/android/builder/model/TestVariantBuildOutput
instanceKlass com/android/builder/model/BaseBuildOutput
instanceKlass com/android/build/gradle/internal/ide/dependencies/BuildMappingUtils
instanceKlass com/android/builder/model/ProjectBuildOutput
instanceKlass com/android/builder/model/AppBundleVariantBuildOutput
instanceKlass com/android/build/gradle/internal/ide/DefaultAppBundleProjectBuildOutput
instanceKlass com/android/build/gradle/internal/ide/DefaultAppBundleVariantBuildOutput
instanceKlass com/android/builder/model/AppBundleVariantBuildOutput
instanceKlass com/android/builder/model/AppBundleProjectBuildOutput
instanceKlass com/android/builder/model/level2/GlobalLibraryMap
instanceKlass com/android/builder/model/AndroidProject
instanceKlass com/android/builder/model/AppBundleProjectBuildOutput
instanceKlass com/android/tools/idea/gradle/run/OutputBuildAction$PostBuildModuleModels
instanceKlass com/google/common/collect/PeekingIterator
instanceKlass com/google/common/collect/UnmodifiableIterator
instanceKlass com/google/common/collect/Iterators
instanceKlass org/gradle/tooling/model/gradle/GradleScript
instanceKlass org/gradle/util/DistributionLocator
instanceKlass org/gradle/buildinit/tasks/internal/TaskConfiguration$2
instanceKlass org/gradle/api/internal/AbstractTask$5
instanceKlass org/gradle/buildinit/tasks/internal/TaskConfiguration$1
instanceKlass com/android/build/gradle/internal/tasks/ModuleMetadataWriterTask$CreationAction$configure$1
instanceKlass com/android/build/gradle/internal/tasks/UninstallTask$CreationAction$$Lambda$739
instanceKlass com/android/build/gradle/internal/tasks/UninstallTask$$Lambda$738
instanceKlass com/android/build/gradle/internal/tasks/UninstallTask$$Lambda$737
instanceKlass org/gradle/api/plugins/JavaBasePlugin$18
instanceKlass org/gradle/api/plugins/JavaBasePlugin$17
instanceKlass org/gradle/api/plugins/JavaBasePlugin$16
instanceKlass org/gradle/api/tasks/testing/Test$1
instanceKlass org/gradle/process/internal/JvmOptions
instanceKlass org/gradle/process/internal/DefaultProcessForkOptions
instanceKlass org/gradle/process/internal/JavaForkOptionsInternal
instanceKlass org/gradle/api/internal/tasks/testing/filter/DefaultTestFilter
instanceKlass org/gradle/api/reporting/internal/TaskGeneratedReport$1
instanceKlass org/gradle/api/reporting/internal/SimpleReport
instanceKlass org/gradle/api/reporting/internal/DefaultReportContainer$2
instanceKlass org/gradle/api/reporting/Report$1
instanceKlass org/gradle/api/reporting/internal/DefaultReportContainer$1
instanceKlass org/gradle/api/tasks/testing/JUnitXmlReport
instanceKlass org/gradle/api/internal/tasks/testing/logging/DefaultTestLogging
instanceKlass org/gradle/api/internal/tasks/testing/logging/DefaultTestLoggingContainer
instanceKlass org/gradle/api/internal/tasks/testing/junit/results/TestOutputStore
instanceKlass org/gradle/api/tasks/testing/logging/TestLoggingContainer
instanceKlass org/gradle/api/tasks/testing/logging/TestLogging
instanceKlass org/gradle/api/tasks/testing/TestTaskReports
instanceKlass org/gradle/api/internal/tasks/testing/JvmTestExecutionSpec
instanceKlass org/gradle/api/tasks/testing/TestFrameworkOptions
instanceKlass org/gradle/api/internal/tasks/testing/TestFramework
instanceKlass org/gradle/api/internal/tasks/testing/TestExecuter
instanceKlass org/gradle/api/internal/tasks/testing/TestExecutionSpec
instanceKlass org/gradle/api/internal/tasks/testing/report/TestReporter
instanceKlass org/gradle/api/internal/tasks/testing/junit/results/TestResultsProvider
instanceKlass org/gradle/api/internal/tasks/testing/TestResultProcessor
instanceKlass org/gradle/api/tasks/testing/TestOutputListener
instanceKlass org/gradle/api/tasks/testing/TestListener
instanceKlass org/gradle/api/reporting/DirectoryReport
instanceKlass org/gradle/api/internal/tasks/testing/logging/TestExceptionFormatter
instanceKlass org/gradle/api/reporting/ReportContainer
instanceKlass org/gradle/api/tasks/testing/TestFilter
instanceKlass com/android/build/gradle/internal/tasks/SigningReportTask$SigningInfo
instanceKlass com/android/build/gradle/tasks/ProcessTestManifest$CreationAction$$Lambda$736
instanceKlass com/android/build/gradle/tasks/ProcessTestManifest$CreationAction$$Lambda$735
instanceKlass com/android/build/gradle/tasks/ProcessTestManifest$CreationAction$$Lambda$734
instanceKlass com/android/build/gradle/tasks/ProcessTestManifest$CreationAction$$Lambda$733
instanceKlass com/android/build/gradle/tasks/ProcessTestManifest$CreationAction$$Lambda$732
instanceKlass com/android/build/gradle/tasks/ProcessTestManifest$CreationAction$$Lambda$731
instanceKlass com/android/build/gradle/tasks/ProcessTestManifest$CreationAction$$Lambda$730
instanceKlass com/android/build/gradle/tasks/ProcessTestManifest$CreationAction$$Lambda$729
instanceKlass com/android/build/gradle/tasks/ProcessTestManifest$CreationAction$$Lambda$728
instanceKlass com/android/build/gradle/internal/tasks/PackageBundleTaskKt
instanceKlass com/android/build/gradle/internal/tasks/PackageBundleTask$BundleFlags
instanceKlass com/android/build/gradle/internal/tasks/PackageBundleTask$BundleOptions
instanceKlass java/util/stream/Nodes$ArrayNode
instanceKlass java/util/stream/ReferencePipeline$$Lambda$727
instanceKlass com/android/build/gradle/internal/tasks/DexMergingTask$CreationAction$getDexFiles$1$files$1
instanceKlass com/android/build/gradle/internal/tasks/DexMergingTask$CreationAction$getMergingThreshold$1
instanceKlass com/android/build/gradle/internal/dependency/AndroidTestResourceArtifactCollection
instanceKlass com/android/build/gradle/tasks/LintGlobalTask$GlobalCreationAction$$Lambda$726
instanceKlass com/android/build/gradle/tasks/LintGlobalTask$GlobalCreationAction$$Lambda$725
instanceKlass com/android/build/gradle/tasks/LintBaseTask$VariantInputs
instanceKlass com/android/tools/lint/gradle/api/VariantInputs
instanceKlass com/android/tools/lint/gradle/api/LintExecutionRequest
instanceKlass com/android/build/gradle/internal/tasks/InstallVariantTask$CreationAction$$Lambda$724
instanceKlass com/android/build/gradle/internal/tasks/InstallVariantTask$CreationAction$$Lambda$723
instanceKlass com/android/build/gradle/internal/tasks/InstallVariantTask$$Lambda$722
instanceKlass com/android/build/gradle/internal/tasks/featuresplit/FeatureSetMetadata$SupplierProviderImpl
instanceKlass com/android/build/gradle/internal/tasks/featuresplit/FeatureSetMetadata$SupplierProvider
instanceKlass com/android/build/gradle/internal/tasks/featuresplit/FeatureSetMetadata
instanceKlass com/android/build/gradle/internal/tasks/DeviceProviderInstrumentTestTask$CreationAction$$Lambda$721
instanceKlass org/gradle/api/internal/AbstractTask$9
instanceKlass com/android/build/gradle/internal/tasks/DeviceProviderInstrumentTestTask$CreationAction$$Lambda$720
instanceKlass com/android/build/gradle/internal/tasks/DeviceProviderInstrumentTestTask$CreationAction$$Lambda$719
instanceKlass com/android/ddmlib/IShellEnabledDevice
instanceKlass com/android/builder/testing/api/DeviceConfigProvider
instanceKlass com/android/builder/testing/BaseTestRunner
instanceKlass com/android/build/gradle/internal/tasks/DeviceProviderInstrumentTestTask$1
instanceKlass com/android/build/gradle/internal/tasks/DeviceProviderInstrumentTestTask$$Lambda$718
instanceKlass com/android/build/gradle/internal/tasks/DeviceProviderInstrumentTestTask$TestRunnerFactory
instanceKlass com/android/build/gradle/internal/res/LinkAndroidResForBundleTask$CreationAction$configure$2
instanceKlass com/android/build/gradle/internal/res/LinkAndroidResForBundleTask$CreationAction$configure$1
instanceKlass org/gradle/api/internal/AbstractTask$13
instanceKlass org/gradle/api/plugins/JavaBasePlugin$14$1
instanceKlass com/android/build/gradle/internal/tasks/PerModuleBundleTask$CreationAction$configure$1
instanceKlass com/android/builder/packaging/JarMerger$Relocator
instanceKlass com/android/builder/packaging/JarMerger
instanceKlass org/gradle/api/internal/tasks/PublicTaskSpecification
instanceKlass org/gradle/plugins/ide/internal/tooling/ToolingModelBuilderSupport
instanceKlass org/gradle/api/tasks/diagnostics/BuildEnvironmentReportTask$1
instanceKlass org/gradle/api/tasks/diagnostics/internal/dependencies/AsciiDependencyReportRenderer$ConfigurationAction
instanceKlass org/gradle/api/tasks/diagnostics/internal/graph/nodes/RenderableDependency
instanceKlass org/gradle/api/tasks/diagnostics/internal/DependencyReportRenderer
instanceKlass org/gradle/api/plugins/HelpTasksPlugin$DependencyInsightReportTaskAction$1
instanceKlass org/gradle/api/internal/plugins/DslObject
instanceKlass org/gradle/api/tasks/diagnostics/ResolutionErrorRenderer
instanceKlass org/gradle/api/tasks/diagnostics/DependencyInsightReportTask$AttributeMatchDetails
instanceKlass org/gradle/api/tasks/diagnostics/internal/graph/NodeRenderer
instanceKlass org/gradle/api/tasks/diagnostics/internal/TaskReportModel
instanceKlass org/gradle/api/tasks/diagnostics/internal/text/TextReportBuilder
instanceKlass org/gradle/api/tasks/diagnostics/AbstractReportTask$1
instanceKlass org/gradle/api/tasks/diagnostics/internal/TextReportRenderer
instanceKlass org/gradle/internal/graph/GraphRenderer
instanceKlass org/gradle/api/tasks/diagnostics/internal/ReportRenderer
instanceKlass org/gradle/api/tasks/diagnostics/internal/ProjectReportGenerator
instanceKlass org/gradle/api/tasks/options/Option
instanceKlass org/gradle/tooling/internal/gradle/DefaultGradleScript
instanceKlass org/gradle/tooling/model/gradle/GradleScript
instanceKlass org/gradle/tooling/internal/gradle/DefaultGradleProject
instanceKlass org/gradle/internal/impldep/com/google/common/base/Objects
instanceKlass org/gradle/internal/impldep/com/google/common/base/Optional
instanceKlass org/gradle/tooling/internal/adapter/ProtocolToModelAdapter$MethodInvocationCache$MethodInvocationKey
instanceKlass org/gradle/tooling/internal/adapter/MethodInvocation
instanceKlass org/gradle/tooling/internal/adapter/ProtocolToModelAdapter$AdaptingMethodInvoker
instanceKlass org/gradle/tooling/internal/adapter/ProtocolToModelAdapter$PropertyCachingMethodInvoker
instanceKlass org/gradle/tooling/internal/adapter/ProtocolToModelAdapter$SafeMethodInvoker
instanceKlass org/gradle/tooling/internal/adapter/ProtocolToModelAdapter$SupportedPropertyInvoker
instanceKlass org/gradle/tooling/internal/adapter/ProtocolToModelAdapter$ChainedMethodInvoker
instanceKlass org/gradle/tooling/internal/adapter/ProtocolToModelAdapter$BeanMixInMethodInvoker
instanceKlass org/gradle/tooling/internal/adapter/ProtocolToModelAdapter$InvocationHandlerImpl
instanceKlass org/gradle/tooling/internal/adapter/ProtocolToModelAdapter$ViewKey
instanceKlass org/gradle/tooling/model/ProjectIdentifier
instanceKlass org/gradle/tooling/model/BuildIdentifier
instanceKlass org/gradle/tooling/internal/adapter/ProtocolToModelAdapter$MixInMappingAction
instanceKlass org/gradle/tooling/model/DomainObjectSet
instanceKlass org/gradle/tooling/internal/consumer/converters/IncludedBuildsMixin
instanceKlass org/gradle/tooling/internal/consumer/converters/IdeaModuleDependencyTargetNameMixin
instanceKlass org/gradle/tooling/internal/consumer/converters/IdeaProjectJavaLanguageSettingsMixin
instanceKlass org/gradle/tooling/internal/consumer/converters/TaskDisplayNameMixin
instanceKlass org/gradle/tooling/model/GradleTask
instanceKlass org/gradle/tooling/model/Task
instanceKlass org/gradle/tooling/model/Launchable
instanceKlass org/gradle/tooling/internal/consumer/converters/FixedBuildIdentifierProvider
instanceKlass org/gradle/tooling/internal/consumer/converters/BasicGradleProjectIdentifierMixin
instanceKlass org/gradle/tooling/model/gradle/BasicGradleProject
instanceKlass org/gradle/tooling/internal/adapter/ProtocolToModelAdapter$TypeSpecificMappingAction
instanceKlass org/gradle/tooling/internal/consumer/converters/GradleProjectIdentifierMixin
instanceKlass org/gradle/tooling/internal/gradle/DefaultBuildIdentifier
instanceKlass org/gradle/tooling/internal/gradle/DefaultProjectIdentifier
instanceKlass org/gradle/tooling/internal/gradle/GradleProjectIdentity
instanceKlass org/gradle/tooling/internal/gradle/GradleBuildIdentity
instanceKlass org/gradle/tooling/internal/adapter/ProtocolToModelAdapter$DefaultViewBuilder
instanceKlass org/gradle/tooling/internal/provider/connection/ProviderBuildResult
instanceKlass org/gradle/tooling/internal/gradle/DefaultBuildIdentifier
instanceKlass org/gradle/tooling/internal/gradle/DefaultProjectIdentifier
instanceKlass org/gradle/tooling/internal/gradle/DefaultGradleBuild
instanceKlass org/gradle/tooling/model/cpp/CppProject
instanceKlass org/gradle/tooling/model/ProjectModel
instanceKlass org/gradle/tooling/internal/consumer/versioning/ModelMapping$DefaultModelIdentifier
instanceKlass org/gradle/tooling/internal/adapter/ProtocolToModelAdapter$2
instanceKlass org/gradle/tooling/internal/adapter/ProtocolToModelAdapter$ViewGraphDetails
instanceKlass org/gradle/tooling/model/gradle/ProjectPublications
instanceKlass org/gradle/tooling/model/gradle/GradleBuild
instanceKlass org/gradle/tooling/internal/protocol/InternalProjectOutcomes
instanceKlass org/gradle/tooling/model/internal/outcomes/ProjectOutcomes
instanceKlass org/gradle/tooling/internal/protocol/InternalBuildEnvironment
instanceKlass org/gradle/tooling/model/build/BuildEnvironment
instanceKlass org/gradle/tooling/model/BuildModel
instanceKlass org/gradle/tooling/internal/protocol/InternalBasicIdeaProject
instanceKlass org/gradle/tooling/model/idea/BasicIdeaProject
instanceKlass org/gradle/tooling/internal/protocol/InternalGradleProject
instanceKlass org/gradle/tooling/model/GradleProject
instanceKlass org/gradle/tooling/model/BuildableElement
instanceKlass org/gradle/tooling/internal/protocol/InternalIdeaProject
instanceKlass org/gradle/tooling/model/idea/IdeaProject
instanceKlass org/gradle/tooling/internal/protocol/eclipse/EclipseProjectVersion3
instanceKlass org/gradle/tooling/internal/protocol/ProjectVersion3
instanceKlass org/gradle/tooling/internal/protocol/BuildableProjectVersion1
instanceKlass org/gradle/tooling/model/eclipse/EclipseProject
instanceKlass org/gradle/tooling/internal/protocol/eclipse/HierarchicalEclipseProjectVersion1
instanceKlass org/gradle/tooling/internal/protocol/HierarchicalProjectVersion1
instanceKlass org/gradle/tooling/model/eclipse/HierarchicalEclipseProject
instanceKlass org/gradle/tooling/model/HasGradleProject
instanceKlass org/gradle/tooling/model/ProjectModel
instanceKlass org/gradle/tooling/model/HierarchicalElement
instanceKlass org/gradle/tooling/model/Element
instanceKlass org/gradle/internal/impldep/com/google/common/collect/AbstractMapEntry
instanceKlass org/gradle/internal/impldep/com/google/common/collect/Hashing
instanceKlass org/gradle/internal/impldep/com/google/common/collect/CollectPreconditions
instanceKlass org/gradle/internal/impldep/com/google/common/collect/BiMap
instanceKlass org/gradle/tooling/internal/protocol/ModelIdentifier
instanceKlass org/gradle/tooling/internal/consumer/versioning/ModelMapping
instanceKlass org/gradle/tooling/internal/consumer/connection/InternalBuildActionAdapter$2
instanceKlass org/gradle/tooling/model/internal/outcomes/GradleFileBuildOutcome
instanceKlass org/gradle/tooling/model/internal/outcomes/GradleBuildOutcome
instanceKlass org/gradle/tooling/model/idea/IdeaModuleDependency
instanceKlass org/gradle/tooling/model/idea/IdeaSingleEntryLibraryDependency
instanceKlass org/gradle/tooling/model/ExternalDependency
instanceKlass org/gradle/tooling/model/idea/IdeaDependency
instanceKlass org/gradle/tooling/model/Dependency
instanceKlass org/gradle/tooling/internal/consumer/converters/ConsumerTargetTypeProvider
instanceKlass org/gradle/tooling/internal/adapter/CollectionMapper
instanceKlass org/gradle/tooling/internal/adapter/TypeInspector
instanceKlass org/gradle/internal/impldep/com/google/common/base/Preconditions
instanceKlass org/gradle/internal/time/DefaultTimer
instanceKlass org/gradle/internal/time/TimeSource$1
instanceKlass org/gradle/internal/time/TimeSource
instanceKlass org/gradle/internal/time/MonotonicClock
instanceKlass org/gradle/internal/time/Clock
instanceKlass org/gradle/internal/time/CountdownTimer
instanceKlass org/gradle/internal/time/Timer
instanceKlass org/gradle/internal/time/Time
instanceKlass org/gradle/tooling/internal/adapter/ProtocolToModelAdapter$MethodInvocationCache
instanceKlass org/gradle/tooling/internal/adapter/ProtocolToModelAdapter$ReflectionMethodInvoker
instanceKlass org/gradle/tooling/internal/adapter/MethodInvoker
instanceKlass org/gradle/tooling/internal/adapter/ProtocolToModelAdapter$1
instanceKlass org/gradle/tooling/internal/adapter/ProtocolToModelAdapter$NoOpDecoration
instanceKlass org/gradle/tooling/internal/adapter/ProtocolToModelAdapter$ViewDecoration
instanceKlass org/gradle/tooling/internal/adapter/ViewBuilder
instanceKlass org/gradle/internal/typeconversion/NotationParser
instanceKlass org/gradle/internal/typeconversion/NotationConverter
instanceKlass org/gradle/tooling/internal/adapter/ProtocolToModelAdapter
instanceKlass org/gradle/tooling/internal/adapter/ObjectGraphAdapter
instanceKlass org/gradle/tooling/internal/protocol/BuildResult
instanceKlass org/gradle/tooling/internal/provider/runner/DefaultBuildController
instanceKlass com/google/wireless/android/sdk/stats/InstantRunArtifact$Type$1
instanceKlass com/google/wireless/android/sdk/stats/InstantRunStatus$VerifierStatus$1
instanceKlass com/google/wireless/android/sdk/stats/InstantRunStatus$PatchingPolicy$1
instanceKlass com/google/wireless/android/sdk/stats/InstantRunStatus$BuildMode$1
instanceKlass com/android/build/gradle/internal/incremental/InstantRunAnalyticsHelper$1
instanceKlass com/google/wireless/android/sdk/stats/InstantRunArtifactOrBuilder
instanceKlass com/android/build/gradle/internal/incremental/InstantRunAnalyticsHelper
instanceKlass com/android/build/gradle/internal/incremental/InstantRunBuildContext$$Lambda$717
instanceKlass com/android/build/gradle/internal/tasks/KnownFilesSaveData$$Lambda$716
instanceKlass sun/misc/JavaAWTAccess
instanceKlass sun/misc/JavaNetHttpCookieAccess
instanceKlass sun/misc/JavaIOAccess
instanceKlass com/google/common/base/Throwables
instanceKlass com/android/build/gradle/internal/tasks/KnownFilesSaveData
instanceKlass org/apache/commons/codec/binary/BaseNCodec$Context
instanceKlass org/apache/commons/codec/binary/BaseNCodec
instanceKlass org/apache/commons/codec/BinaryDecoder
instanceKlass org/apache/commons/codec/Decoder
instanceKlass org/apache/commons/codec/BinaryEncoder
instanceKlass org/apache/commons/codec/Encoder
instanceKlass com/google/common/collect/CollectSpliterators$1WithCharacteristics$$Lambda$715
instanceKlass java/lang/invoke/LambdaForm$DMH
instanceKlass com/android/build/gradle/tasks/PackageAndroidArtifact$$Lambda$714
instanceKlass com/android/build/gradle/tasks/PackageAndroidArtifact$$Lambda$713
instanceKlass com/android/build/gradle/tasks/PackageAndroidArtifact$$Lambda$712
instanceKlass java/util/stream/Streams$2
instanceKlass java/util/stream/Streams
instanceKlass java/util/stream/Streams$ConcatSpliterator
instanceKlass java/util/stream/Streams$RangeIntSpliterator
instanceKlass com/google/common/collect/CollectSpliterators$1WithCharacteristics
instanceKlass com/google/common/collect/CollectSpliterators
instanceKlass com/google/common/collect/IndexedImmutableSet$$Lambda$711
instanceKlass java/lang/invoke/LambdaForm$DMH
instanceKlass com/android/builder/internal/packaging/IncrementalPackager$$Lambda$710
instanceKlass com/android/builder/internal/packaging/IncrementalPackager$$Lambda$709
instanceKlass com/android/builder/internal/packaging/IncrementalPackager$$Lambda$708
instanceKlass com/android/build/gradle/internal/packaging/IncrementalPackagerBuilder$$Lambda$707
instanceKlass com/android/builder/packaging/PackagingUtils$$Lambda$706
instanceKlass com/android/build/gradle/internal/packaging/IncrementalPackagerBuilder
instanceKlass com/android/build/gradle/tasks/PackageAndroidArtifact$$Lambda$705
instanceKlass com/google/common/base/Predicates$CompositionPredicate
instanceKlass com/android/build/gradle/tasks/PackageAndroidArtifact$$Lambda$704
instanceKlass com/google/common/base/Predicates$InPredicate
instanceKlass com/google/common/base/Predicates
instanceKlass com/google/common/base/Functions$ConstantFunction
instanceKlass com/google/common/base/Functions
instanceKlass com/android/build/gradle/tasks/PackageAndroidArtifact$$Lambda$703
instanceKlass com/android/build/gradle/tasks/PackageAndroidArtifact$$Lambda$702
instanceKlass com/android/build/gradle/tasks/PackageAndroidArtifact$$Lambda$701
instanceKlass com/android/build/gradle/tasks/PackageAndroidArtifact$$Lambda$700
instanceKlass com/android/build/gradle/tasks/PackageAndroidArtifact$$Lambda$699
instanceKlass com/android/build/gradle/tasks/PackageAndroidArtifact$$Lambda$698
instanceKlass com/android/build/gradle/tasks/PackageAndroidArtifact$$Lambda$697
instanceKlass com/android/build/gradle/tasks/PackageAndroidArtifact$$Lambda$696
instanceKlass com/android/build/gradle/internal/transforms/InstantRunSliceSplitApkBuilder$$Lambda$695
instanceKlass com/android/build/gradle/internal/transforms/InstantRunSliceSplitApkBuilder$$Lambda$694
instanceKlass com/android/build/gradle/internal/tasks/InstantRunSplitApkResourcesBuilder$GenerateSplitApkResource$Companion
instanceKlass com/android/build/gradle/internal/tasks/InstantRunSplitApkResourcesBuilder$GenerateSplitApkResource
instanceKlass com/android/build/gradle/internal/tasks/InstantRunSplitApkResourcesBuilder$GenerateSplitApkResource$Params
instanceKlass com/android/builder/internal/aapt/v2/Aapt2DaemonManager$Stats
instanceKlass com/android/builder/internal/packaging/DexIncrementalRenameManager$1
instanceKlass com/android/builder/internal/packaging/DexIncrementalRenameManager$$Lambda$693
instanceKlass com/android/builder/internal/packaging/DexIncrementalRenameManager$$Lambda$692
instanceKlass com/android/builder/internal/packaging/DexIncrementalRenameManager$$Lambda$691
instanceKlass com/android/builder/internal/packaging/DexIncrementalRenameManager$Bucket
instanceKlass com/android/builder/internal/packaging/DexIncrementalRenameManager$$Lambda$690
instanceKlass com/android/builder/internal/packaging/DexFileNameSupplier
instanceKlass java/util/stream/SortedOps$RefSortingSink$$Lambda$689
instanceKlass java/util/stream/Collectors$$Lambda$688
instanceKlass java/util/stream/Collectors$$Lambda$687
instanceKlass com/android/builder/internal/packaging/DexIncrementalRenameManager$$Lambda$686
instanceKlass java/util/Comparator$$Lambda$685
instanceKlass com/android/builder/internal/packaging/DexIncrementalRenameManager$DexNameComparator
instanceKlass com/android/builder/internal/packaging/DexIncrementalRenameManager$$Lambda$684
instanceKlass com/android/builder/internal/packaging/DexIncrementalRenameManager$$Lambda$683
instanceKlass com/android/builder/internal/packaging/DexIncrementalRenameManager$$Lambda$682
instanceKlass com/android/build/gradle/internal/transforms/InstantRunSplitApkBuilder$DexFiles
instanceKlass com/android/build/gradle/internal/transforms/InstantRunDependenciesApkBuilder$$Lambda$681
instanceKlass com/android/build/gradle/internal/transforms/InstantRunDependenciesApkBuilder$$Lambda$680
instanceKlass com/android/tools/r8/graph/DexValue$1
instanceKlass com/android/tools/r8/dex/DexParser$1
instanceKlass com/android/build/gradle/internal/transforms/DexMergerTransform$$Lambda$679
instanceKlass com/android/build/gradle/internal/transforms/DexMergerTransform$$Lambda$678
instanceKlass com/android/build/gradle/internal/transforms/DexMergerTransform$$Lambda$677
instanceKlass com/android/builder/dexing/DirDexArchive
instanceKlass com/android/build/gradle/internal/transforms/DexMergerTransform$$Lambda$676
instanceKlass com/android/build/gradle/internal/transforms/DexMergerTransform$$Lambda$675
instanceKlass com/android/tools/r8/com/google/gson/internal/bind/TypeAdapters$36
instanceKlass com/android/tools/r8/com/google/gson/internal/JsonReaderInternalAccess
instanceKlass com/android/tools/r8/com/google/gson/JsonParser
instanceKlass com/android/tools/r8/dex/DexParser$$Lambda$674
instanceKlass com/android/tools/r8/dex/DexParser$AttributesAndAnnotations
instanceKlass com/android/tools/r8/dex/DexParser$$Lambda$673
instanceKlass com/android/tools/r8/dex/DexParser$$Lambda$672
instanceKlass com/android/tools/r8/dex/DexParser$$Lambda$671
instanceKlass com/android/tools/r8/dex/DexParser$MemberAnnotationIterator
instanceKlass com/android/tools/r8/dex/DexParser$$Lambda$670
instanceKlass com/android/tools/r8/dex/DexParser$$Lambda$669
instanceKlass com/android/tools/r8/dex/DexParser$$Lambda$668
instanceKlass com/android/tools/r8/dex/DexParser$$Lambda$667
instanceKlass com/android/tools/r8/dex/DexParser$$Lambda$666
instanceKlass com/android/tools/r8/dex/DexParser$$Lambda$665
instanceKlass com/android/tools/r8/dex/DexParser$AnnotationsDirectory
instanceKlass com/android/tools/r8/it/unimi/dsi/fastutil/ints/Int2IntMap$FastEntrySet
instanceKlass com/android/tools/r8/it/unimi/dsi/fastutil/ints/AbstractInt2IntFunction
instanceKlass com/android/tools/r8/code/InstructionFactory$ShortBufferBytecodeStream
instanceKlass com/android/tools/r8/code/BytecodeStream
instanceKlass com/android/tools/r8/code/BaseInstructionFactory
instanceKlass com/android/tools/r8/dex/DexParser$$Lambda$664
instanceKlass com/android/tools/r8/dex/ApplicationReader$ClassReader$$Lambda$663
instanceKlass com/android/tools/r8/dex/ApplicationReader$ClassReader$$Lambda$662
instanceKlass com/android/tools/r8/dex/DexParser$$Lambda$661
instanceKlass com/android/tools/r8/dex/DexSection
instanceKlass com/android/tools/r8/graph/OffsetToObjectMapping
instanceKlass com/android/tools/r8/dex/DexParser
instanceKlass com/android/tools/r8/com/google/common/io/ByteArrayDataOutput
instanceKlass com/android/tools/r8/com/google/common/io/ByteArrayDataInput
instanceKlass com/android/tools/r8/com/google/common/io/ByteStreams
instanceKlass com/android/tools/r8/utils/StreamUtils
instanceKlass com/android/tools/r8/dex/BinaryReader
instanceKlass com/android/tools/r8/D8Command$Builder$$Lambda$660
instanceKlass com/android/builder/dexing/DexArchiveEntry
instanceKlass com/android/builder/dexing/NonIncrementalJarDexArchive
instanceKlass com/android/builder/dexing/DexArchives$$Lambda$659
instanceKlass com/android/builder/dexing/DexArchive
instanceKlass com/android/builder/dexing/DexArchives
instanceKlass com/android/builder/dexing/D8DexArchiveMerger$$Lambda$658
instanceKlass com/android/builder/dexing/D8DexArchiveMerger
instanceKlass com/android/builder/dexing/DexArchiveMerger
instanceKlass com/android/build/gradle/internal/transforms/DexMergerTransformCallable$1
instanceKlass com/android/build/gradle/internal/transforms/ExternalLibsMergerTransform$transform$jarInputList$2
instanceKlass com/android/build/gradle/internal/transforms/ExternalLibsMergerTransform$transform$jarInputList$1
instanceKlass com/android/builder/utils/FileCache$$Lambda$657
instanceKlass com/android/builder/utils/FileCache$$Lambda$656
instanceKlass java/lang/invoke/LambdaForm$MH
instanceKlass com/android/builder/utils/FileCache$$Lambda$655
instanceKlass com/android/builder/utils/FileCache$$Lambda$654
instanceKlass com/android/builder/utils/FileCache$$Lambda$653
instanceKlass com/android/build/gradle/internal/transforms/DexArchiveBuilderCacheHandler$$Lambda$652
instanceKlass com/android/builder/utils/ExceptionConsumer
instanceKlass com/android/tools/r8/ir/regalloc/SpillMoveSet$$Lambda$651
instanceKlass com/android/tools/r8/ir/regalloc/LinearScanRegisterAllocator$$Lambda$650
instanceKlass java/util/function/IntConsumer
instanceKlass java/lang/invoke/LambdaForm$DMH
instanceKlass com/android/tools/r8/com/google/common/io/Closer$SuppressingSuppressor
instanceKlass com/android/tools/r8/com/google/common/io/Closer$Suppressor
instanceKlass com/android/tools/r8/com/google/common/io/Closer
instanceKlass sun/nio/fs/AbstractPath$1
instanceKlass com/android/tools/r8/utils/DirectoryBuilder
instanceKlass com/android/tools/r8/DexFilePerClassFileConsumer$ForwardingConsumer
instanceKlass com/android/builder/dexing/FileBasedClassFileEntry
instanceKlass com/android/builder/dexing/DirectoryBasedClassFileInput$$Lambda$649
instanceKlass com/android/builder/dexing/DirectoryBasedClassFileInput$$Lambda$648
instanceKlass java/nio/file/Files$$Lambda$647
instanceKlass java/nio/file/Files$$Lambda$646
instanceKlass java/nio/file/FileTreeIterator
instanceKlass com/android/builder/dexing/DirectoryBasedClassFileInput
instanceKlass com/android/tools/r8/ir/regalloc/LinearScanRegisterAllocator$$Lambda$645
instanceKlass com/android/tools/r8/com/google/common/base/Equivalence$1
instanceKlass com/android/tools/r8/ir/conversion/JarSourceCode$$Lambda$644
instanceKlass java/lang/invoke/LambdaForm$DMH
instanceKlass com/android/tools/r8/ir/regalloc/SpillMoveSet$$Lambda$643
instanceKlass com/android/tools/r8/ir/optimize/CodeRewriter$SwitchBuilder$$Lambda$642
instanceKlass com/android/tools/r8/ir/optimize/CodeRewriter$SwitchBuilder$$Lambda$641
instanceKlass com/android/tools/r8/it/unimi/dsi/fastutil/ints/Int2ObjectAVLTreeMap$TreeIterator
instanceKlass com/android/tools/r8/it/unimi/dsi/fastutil/ints/AbstractInt2ObjectMap$BasicEntry
instanceKlass com/android/tools/r8/it/unimi/dsi/fastutil/ints/Int2ObjectMap$Entry
instanceKlass com/android/tools/r8/it/unimi/dsi/fastutil/ints/Int2ObjectSortedMap
instanceKlass com/android/tools/r8/ir/conversion/DexBuilder$FillArrayDataInfo
instanceKlass com/android/tools/r8/ir/optimize/CodeRewriter$$Lambda$640
instanceKlass com/android/tools/r8/ir/optimize/CodeRewriter$$Lambda$639
instanceKlass com/android/tools/r8/ir/optimize/CodeRewriter$InstructionBuilder
instanceKlass com/android/tools/r8/utils/ZipUtils
instanceKlass com/android/tools/r8/ByteDataView
instanceKlass com/android/tools/r8/dex/FileWriter$ByteBufferResult
instanceKlass java/util/zip/Adler32
instanceKlass com/android/tools/r8/utils/DexVersion$1
instanceKlass com/android/tools/r8/dex/Constants
instanceKlass com/android/tools/r8/dex/FileWriter$$Lambda$638
instanceKlass com/android/tools/r8/dex/FileWriter$$Lambda$637
instanceKlass com/android/tools/r8/dex/FileWriter$$Lambda$636
instanceKlass com/android/tools/r8/dex/FileWriter$$Lambda$635
instanceKlass com/android/tools/r8/dex/FileWriter$$Lambda$634
instanceKlass com/android/tools/r8/dex/FileWriter$$Lambda$633
instanceKlass com/android/tools/r8/dex/FileWriter$$Lambda$632
instanceKlass com/android/tools/r8/dex/FileWriter$$Lambda$631
instanceKlass com/android/tools/r8/dex/FileWriter$$Lambda$630
instanceKlass com/android/tools/r8/dex/FileWriter$$Lambda$629
instanceKlass com/android/tools/r8/dex/FileWriter$$Lambda$628
instanceKlass com/android/tools/r8/dex/FileWriter$$Lambda$627
instanceKlass com/android/tools/r8/dex/FileWriter$$Lambda$626
instanceKlass com/android/tools/r8/dex/FileWriter$$Lambda$625
instanceKlass com/android/tools/r8/dex/FileWriter$$Lambda$624
instanceKlass com/android/tools/r8/ir/code/Cmp$1
instanceKlass com/android/tools/r8/dex/FileWriter$$Lambda$623
instanceKlass com/android/tools/r8/dex/FileWriter$$Lambda$622
instanceKlass com/android/tools/r8/dex/FileWriter$$Lambda$621
instanceKlass com/android/tools/r8/dex/FileWriter$$Lambda$620
instanceKlass com/android/tools/r8/dex/FileWriter$$Lambda$619
instanceKlass com/android/tools/r8/dex/FileWriter$$Lambda$618
instanceKlass com/android/tools/r8/utils/EncodedValueUtils
instanceKlass com/android/tools/r8/dex/FileWriter$$Lambda$617
instanceKlass com/android/tools/r8/dex/FileWriter$$Lambda$616
instanceKlass com/android/tools/r8/dex/FileWriter$$Lambda$615
instanceKlass com/android/tools/r8/dex/FileWriter$$Lambda$614
instanceKlass com/android/tools/r8/dex/FileWriter$$Lambda$613
instanceKlass com/android/tools/r8/dex/FileWriter$$Lambda$612
instanceKlass com/android/tools/r8/dex/FileWriter$$Lambda$611
instanceKlass com/android/tools/r8/dex/FileWriter$$Lambda$610
instanceKlass com/android/tools/r8/dex/DebugBytecodeWriter
instanceKlass com/android/tools/r8/dex/FileWriter$$Lambda$609
instanceKlass com/android/tools/r8/dex/FileWriter$$Lambda$608
instanceKlass java/lang/invoke/LambdaForm$DMH
instanceKlass com/android/tools/r8/utils/LebUtils
instanceKlass com/android/tools/r8/dex/FileWriter$$Lambda$607
instanceKlass com/android/tools/r8/dex/FileWriter$$Lambda$606
instanceKlass com/android/tools/r8/dex/FileWriter$Layout
instanceKlass com/android/tools/r8/utils/OrderedMergingIterator
instanceKlass com/android/tools/r8/graph/DexProgramClass$$Lambda$605
instanceKlass com/android/tools/r8/graph/DexProgramClass$$Lambda$604
instanceKlass com/android/tools/r8/graph/DexItem$$Lambda$603
instanceKlass com/android/tools/r8/it/unimi/dsi/fastutil/objects/Reference2IntLinkedOpenHashMap$MapIterator
instanceKlass com/android/tools/r8/dex/FileWriter$$Lambda$602
instanceKlass com/android/tools/r8/graph/DexProgramClass$$Lambda$601
instanceKlass com/android/tools/r8/graph/DexProgramClass$$Lambda$600
instanceKlass com/android/tools/r8/it/unimi/dsi/fastutil/objects/Object2IntLinkedOpenHashMap$MapIterator
instanceKlass com/android/tools/r8/dex/FileWriter$$Lambda$599
instanceKlass com/android/tools/r8/graph/ProgramClassVisitor
instanceKlass com/android/tools/r8/it/unimi/dsi/fastutil/objects/Object2IntSortedMap$FastSortedEntrySet
instanceKlass com/android/tools/r8/it/unimi/dsi/fastutil/objects/Object2IntMap$FastEntrySet
instanceKlass com/android/tools/r8/it/unimi/dsi/fastutil/objects/AbstractObject2IntFunction
instanceKlass com/android/tools/r8/it/unimi/dsi/fastutil/objects/Object2IntSortedMap
instanceKlass com/android/tools/r8/it/unimi/dsi/fastutil/objects/Object2IntMap
instanceKlass com/android/tools/r8/it/unimi/dsi/fastutil/objects/Object2IntFunction
instanceKlass com/android/tools/r8/dex/DexOutputBuffer
instanceKlass com/android/tools/r8/dex/FileWriter
instanceKlass com/android/tools/r8/dex/ApplicationWriter$$Lambda$598
instanceKlass com/android/tools/r8/graph/ObjectToOffsetMapping$$Lambda$597
instanceKlass com/android/tools/r8/graph/ObjectToOffsetMapping$$Lambda$596
instanceKlass com/android/tools/r8/graph/ObjectToOffsetMapping$$Lambda$595
instanceKlass com/android/tools/r8/graph/ObjectToOffsetMapping$$Lambda$594
